{"synthetic": false,
 "schemaVersion": "2025-09-10",
 "outputs":
 {"o": ["125699ffdb996fa2.olean"],
  "i": "33a4dcb16f4d206a.ilean",
  "c": "9c7987bc825beeac.c"},
 "log":
 [{"message":
   ".> LEAN_PATH=E:\\Dropbox\\GitHub\\lean4\\FOL\\.lake\\build\\lib\\lean;E:\\Dropbox\\GitHub\\lean4\\Lean4_vs_PureLogic\\.lake\\build\\lib\\lean c:\\Users\\julia\\.elan\\toolchains\\leanprover--lean4---v4.29.0\\bin\\lean.exe E:\\Dropbox\\GitHub\\lean4\\Lean4_vs_PureLogic\\DeepArithmetic\\Syntax\\Lists.lean -o E:\\Dropbox\\GitHub\\lean4\\Lean4_vs_PureLogic\\.lake\\build\\lib\\lean\\DeepArithmetic\\Syntax\\Lists.olean -i E:\\Dropbox\\GitHub\\lean4\\Lean4_vs_PureLogic\\.lake\\build\\lib\\lean\\DeepArithmetic\\Syntax\\Lists.ilean -c E:\\Dropbox\\GitHub\\lean4\\Lean4_vs_PureLogic\\.lake\\build\\ir\\DeepArithmetic\\Syntax\\Lists.c --setup E:\\Dropbox\\GitHub\\lean4\\Lean4_vs_PureLogic\\.lake\\build\\ir\\DeepArithmetic\\Syntax\\Lists.setup.json --json",
   "level": "trace"}],
 "inputs":
 [["DeepArithmetic.Syntax.Lists:deps",
   [["deps",
     [["DeepArithmetic/DeepArithmetic:extraDep",
       [["@DeepArithmetic:extraDep", "00000000000006bb"]]],
      ["imports",
       [["FOL.FOL transitive imports (legacy)", "00000000000006bb"],
        ["FOL.FOL:importAllArts", "bc12a894fd8f97f3"],
        ["TheoryFramework.Theory transitive imports (legacy)",
         "2f62ee7dcd824463"],
        ["TheoryFramework.Theory:importAllArts", "f28d124a62fab92c"],
        ["TheoryFramework.Instances.FOL transitive imports (legacy)",
         "434ce0407af17198"],
        ["TheoryFramework.Instances.FOL:importAllArts", "e4fa5af52ba1fcb9"]]]]],
    ["libs",
     [["import dynlibs", "00000000000006bb"],
      ["package external libraries", "00000000000006bb"],
      ["module dynlibs", "00000000000006bb"],
      ["module plugins", "00000000000006bb"]]]]],
  ["Lean 4.29.0, commit 98dc76e3c0a9b856c9b98726b713fb04fab16740",
   "60bb08ef22408c8a"],
  ["E:\\Dropbox\\GitHub\\lean4\\Lean4_vs_PureLogic\\DeepArithmetic\\Syntax\\Lists.lean",
   "0d8711fd1c2a47d9"],
  ["options", "00000000000006bb"],
  ["isModule: false", "feefd2a0d3a1847e"],
  ["Module.name: DeepArithmetic.Syntax.Lists", "4bd55fe7eb600a08"],
  ["Package.id?: (some DeepArithmetic)", "6a1d067f457cfca4"],
  ["Module.leanArgs: #[]", "00000000000006bb"]],
 "depHash": "62499f739b2cba4b"}