{"synthetic": false,
 "schemaVersion": "2025-09-10",
 "outputs":
 {"o": ["b2686f7b12570ffd.olean"],
  "m": false,
  "i": "edffe510875d45c7.ilean",
  "c": "e69cbb02eb76f897.c"},
 "log":
 [{"message":
   ".> LEAN_PATH=E:\\Dropbox\\GitHub\\lean4\\FOL\\.lake\\build\\lib\\lean;E:\\Dropbox\\GitHub\\lean4\\Lean4_vs_PureLogic\\.lake\\build\\lib\\lean c:\\Users\\julia\\.elan\\toolchains\\leanprover--lean4---v4.31.0\\bin\\lean.exe E:\\Dropbox\\GitHub\\lean4\\Lean4_vs_PureLogic\\DeepArithmetic\\Foundation\\Lists\\PureAxioms.lean -o E:\\Dropbox\\GitHub\\lean4\\Lean4_vs_PureLogic\\.lake\\build\\lib\\lean\\DeepArithmetic\\Foundation\\Lists\\PureAxioms.olean -i E:\\Dropbox\\GitHub\\lean4\\Lean4_vs_PureLogic\\.lake\\build\\lib\\lean\\DeepArithmetic\\Foundation\\Lists\\PureAxioms.ilean -c E:\\Dropbox\\GitHub\\lean4\\Lean4_vs_PureLogic\\.lake\\build\\ir\\DeepArithmetic\\Foundation\\Lists\\PureAxioms.c --setup E:\\Dropbox\\GitHub\\lean4\\Lean4_vs_PureLogic\\.lake\\build\\ir\\DeepArithmetic\\Foundation\\Lists\\PureAxioms.setup.json --json",
   "level": "trace"}],
 "inputs":
 [["DeepArithmetic.Foundation.Lists.PureAxioms:deps",
   [["deps",
     [["DeepArithmetic/DeepArithmetic:extraDep",
       [["@DeepArithmetic:extraDep", "00000000000006bb"]]],
      ["imports",
       [["DeepArithmetic.Semantics.FreeInductiveAlgebra transitive imports (legacy)",
         "00000000000006bb"],
        ["DeepArithmetic.Semantics.FreeInductiveAlgebra:importAllArts",
         "e26dbd30db41c370"]]]]],
    ["libs",
     [["import dynlibs", "00000000000006bb"],
      ["package external libraries", "00000000000006bb"],
      ["module dynlibs", "00000000000006bb"],
      ["module plugins", "00000000000006bb"]]]]],
  ["Lean 4.31.0, commit 68218e876d2a38b1985b8590fff244a83c321783",
   "fc45ac412f28501c"],
  ["E:\\Dropbox\\GitHub\\lean4\\Lean4_vs_PureLogic\\DeepArithmetic\\Foundation\\Lists\\PureAxioms.lean",
   "9705982187f3c515"],
  ["options", "00000000000006bb"],
  ["isModule: false", "feefd2a0d3a1847e"],
  ["Module.name: DeepArithmetic.Foundation.Lists.PureAxioms",
   "85aac35c23297236"],
  ["Package.id?: (some DeepArithmetic)", "6a1d067f457cfca4"],
  ["Module.leanArgs: #[]", "00000000000006bb"]],
 "depHash": "bca6d5127fcf397a"}