{"synthetic": false,
 "schemaVersion": "2025-09-10",
 "outputs":
 {"o": ["58271f14600b2788.olean"],
  "m": false,
  "i": "4d450ec34e6aad0f.ilean",
  "c": "e6849aba25c7b5ce.c"},
 "log":
 [{"message":
   ".> LEAN_PATH=E:\\Dropbox\\GitHub\\lean4\\FOL\\.lake\\build\\lib\\lean;E:\\Dropbox\\GitHub\\lean4\\Lean4_vs_PureLogic\\.lake\\build\\lib\\lean c:\\Users\\julia\\.elan\\toolchains\\leanprover--lean4---v4.31.0\\bin\\lean.exe E:\\Dropbox\\GitHub\\lean4\\Lean4_vs_PureLogic\\DeepArithmetic\\LogicAbstraction\\ArithmeticMultProofs.lean -o E:\\Dropbox\\GitHub\\lean4\\Lean4_vs_PureLogic\\.lake\\build\\lib\\lean\\DeepArithmetic\\LogicAbstraction\\ArithmeticMultProofs.olean -i E:\\Dropbox\\GitHub\\lean4\\Lean4_vs_PureLogic\\.lake\\build\\lib\\lean\\DeepArithmetic\\LogicAbstraction\\ArithmeticMultProofs.ilean -c E:\\Dropbox\\GitHub\\lean4\\Lean4_vs_PureLogic\\.lake\\build\\ir\\DeepArithmetic\\LogicAbstraction\\ArithmeticMultProofs.c --setup E:\\Dropbox\\GitHub\\lean4\\Lean4_vs_PureLogic\\.lake\\build\\ir\\DeepArithmetic\\LogicAbstraction\\ArithmeticMultProofs.setup.json --json",
   "level": "trace"},
  {"message":
   "DeepArithmetic/LogicAbstraction/ArithmeticMultProofs.lean:28:8: declaration uses `sorry`",
   "level": "warning"},
  {"message":
   "DeepArithmetic/LogicAbstraction/ArithmeticMultProofs.lean:33:8: declaration uses `sorry`",
   "level": "warning"},
  {"message":
   "DeepArithmetic/LogicAbstraction/ArithmeticMultProofs.lean:46:8: declaration uses `sorry`",
   "level": "warning"},
  {"message":
   "DeepArithmetic/LogicAbstraction/ArithmeticMultProofs.lean:58:8: declaration uses `sorry`",
   "level": "warning"},
  {"message":
   "DeepArithmetic/LogicAbstraction/ArithmeticMultProofs.lean:61:8: declaration uses `sorry`",
   "level": "warning"},
  {"message":
   "DeepArithmetic/LogicAbstraction/ArithmeticMultProofs.lean:64:8: declaration uses `sorry`",
   "level": "warning"},
  {"message":
   "DeepArithmetic/LogicAbstraction/ArithmeticMultProofs.lean:76:8: declaration uses `sorry`",
   "level": "warning"},
  {"message":
   "DeepArithmetic/LogicAbstraction/ArithmeticMultProofs.lean:79:8: declaration uses `sorry`",
   "level": "warning"},
  {"message":
   "DeepArithmetic/LogicAbstraction/ArithmeticMultProofs.lean:92:8: declaration uses `sorry`",
   "level": "warning"},
  {"message":
   "DeepArithmetic/LogicAbstraction/ArithmeticMultProofs.lean:106:8: declaration uses `sorry`",
   "level": "warning"},
  {"message":
   "DeepArithmetic/LogicAbstraction/ArithmeticMultProofs.lean:109:8: declaration uses `sorry`",
   "level": "warning"},
  {"message":
   "DeepArithmetic/LogicAbstraction/ArithmeticMultProofs.lean:123:8: declaration uses `sorry`",
   "level": "warning"},
  {"message":
   "DeepArithmetic/LogicAbstraction/ArithmeticMultProofs.lean:132:8: declaration uses `sorry`",
   "level": "warning"},
  {"message":
   "DeepArithmetic/LogicAbstraction/ArithmeticMultProofs.lean:144:8: declaration uses `sorry`",
   "level": "warning"},
  {"message":
   "DeepArithmetic/LogicAbstraction/ArithmeticMultProofs.lean:147:8: declaration uses `sorry`",
   "level": "warning"},
  {"message":
   "DeepArithmetic/LogicAbstraction/ArithmeticMultProofs.lean:163:8: declaration uses `sorry`",
   "level": "warning"}],
 "inputs":
 [["DeepArithmetic.LogicAbstraction.ArithmeticMultProofs:deps",
   [["deps",
     [["DeepArithmetic/DeepArithmetic:extraDep",
       [["@DeepArithmetic:extraDep", "00000000000006bb"]]],
      ["imports",
       [["FOL transitive imports (legacy)", "ed98b7bcf74074ed"],
        ["FOL:importAllArts", "a80edd4f728c1807"],
        ["TheoryFramework.Theory transitive imports (legacy)",
         "149d57ac26c96eab"],
        ["TheoryFramework.Theory:importAllArts", "6768b1ab0c218b26"],
        ["TheoryFramework.Instances.FOL transitive imports (legacy)",
         "451d7b039925a832"],
        ["TheoryFramework.Instances.FOL:importAllArts", "0ac26615c6dd11ce"],
        ["DeepArithmetic.LogicAbstraction.SetTheory transitive imports (legacy)",
         "2039d241aefba403"],
        ["DeepArithmetic.LogicAbstraction.SetTheory:importAllArts",
         "44fceb14c9973cc4"],
        ["DeepArithmetic.LogicAbstraction.Arithmetic transitive imports (legacy)",
         "53061475df7aad0c"],
        ["DeepArithmetic.LogicAbstraction.Arithmetic:importAllArts",
         "11210bc8e225e854"],
        ["DeepArithmetic.LogicAbstraction.Tactics transitive imports (legacy)",
         "fc95d2df7d5a026e"],
        ["DeepArithmetic.LogicAbstraction.Tactics:importAllArts",
         "854159857ac11b4c"],
        ["DeepArithmetic.LogicAbstraction.ArithmeticAddProofs transitive imports (legacy)",
         "23881def3af85fec"],
        ["DeepArithmetic.LogicAbstraction.ArithmeticAddProofs:importAllArts",
         "40cecd3bf200c356"]]]]],
    ["libs",
     [["import dynlibs", "00000000000006bb"],
      ["package external libraries", "00000000000006bb"],
      ["module dynlibs", "00000000000006bb"],
      ["module plugins", "00000000000006bb"]]]]],
  ["Lean 4.31.0, commit 68218e876d2a38b1985b8590fff244a83c321783",
   "fc45ac412f28501c"],
  ["E:\\Dropbox\\GitHub\\lean4\\Lean4_vs_PureLogic\\DeepArithmetic\\LogicAbstraction\\ArithmeticMultProofs.lean",
   "64475ed00614d9a2"],
  ["options", "00000000000006bb"],
  ["isModule: false", "feefd2a0d3a1847e"],
  ["Module.name: DeepArithmetic.LogicAbstraction.ArithmeticMultProofs",
   "8a50fa65ae04aab0"],
  ["Package.id?: (some DeepArithmetic)", "6a1d067f457cfca4"],
  ["Module.leanArgs: #[]", "00000000000006bb"]],
 "depHash": "e4e3f03a9e88cf08"}