{"synthetic": false,
 "schemaVersion": "2025-09-10",
 "outputs":
 {"o": ["8bc0d29dcd2ba3a4.olean"],
  "m": false,
  "i": "95952d26927e2360.ilean",
  "c": "8f4f28828c7c8654.c"},
 "log":
 [{"message":
   ".> LEAN_PATH=E:\\Dropbox\\GitHub\\lean4\\FOL\\.lake\\build\\lib\\lean;E:\\Dropbox\\GitHub\\lean4\\Lean4_vs_PureLogic\\.lake\\build\\lib\\lean c:\\Users\\julia\\.elan\\toolchains\\leanprover--lean4---v4.31.0\\bin\\lean.exe E:\\Dropbox\\GitHub\\lean4\\Lean4_vs_PureLogic\\DeepArithmetic\\LogicAbstraction\\ArithmeticProofs.lean -o E:\\Dropbox\\GitHub\\lean4\\Lean4_vs_PureLogic\\.lake\\build\\lib\\lean\\DeepArithmetic\\LogicAbstraction\\ArithmeticProofs.olean -i E:\\Dropbox\\GitHub\\lean4\\Lean4_vs_PureLogic\\.lake\\build\\lib\\lean\\DeepArithmetic\\LogicAbstraction\\ArithmeticProofs.ilean -c E:\\Dropbox\\GitHub\\lean4\\Lean4_vs_PureLogic\\.lake\\build\\ir\\DeepArithmetic\\LogicAbstraction\\ArithmeticProofs.c --setup E:\\Dropbox\\GitHub\\lean4\\Lean4_vs_PureLogic\\.lake\\build\\ir\\DeepArithmetic\\LogicAbstraction\\ArithmeticProofs.setup.json --json",
   "level": "trace"},
  {"message":
   "DeepArithmetic/LogicAbstraction/ArithmeticProofs.lean:167:8: declaration uses `sorry`",
   "level": "warning"}],
 "inputs":
 [["DeepArithmetic.LogicAbstraction.ArithmeticProofs:deps",
   [["deps",
     [["DeepArithmetic/DeepArithmetic:extraDep",
       [["@DeepArithmetic:extraDep", "00000000000006bb"]]],
      ["imports",
       [["FOL transitive imports (legacy)", "ed98b7bcf74074ed"],
        ["FOL:importAllArts", "a80edd4f728c1807"],
        ["TheoryFramework.Theory transitive imports (legacy)",
         "149d57ac26c96eab"],
        ["TheoryFramework.Theory:importAllArts", "6768b1ab0c218b26"],
        ["TheoryFramework.Instances.FOL transitive imports (legacy)",
         "451d7b039925a832"],
        ["TheoryFramework.Instances.FOL:importAllArts", "0ac26615c6dd11ce"],
        ["DeepArithmetic.LogicAbstraction.SetTheory transitive imports (legacy)",
         "2039d241aefba403"],
        ["DeepArithmetic.LogicAbstraction.SetTheory:importAllArts",
         "44fceb14c9973cc4"],
        ["DeepArithmetic.LogicAbstraction.Arithmetic transitive imports (legacy)",
         "53061475df7aad0c"],
        ["DeepArithmetic.LogicAbstraction.Arithmetic:importAllArts",
         "44553afffc311246"],
        ["DeepArithmetic.LogicAbstraction.Tactics transitive imports (legacy)",
         "fc95d2df7d5a026e"],
        ["DeepArithmetic.LogicAbstraction.Tactics:importAllArts",
         "854159857ac11b4c"],
        ["DeepArithmetic.LogicAbstraction.Proofs transitive imports (legacy)",
         "33cdacc6339bca71"],
        ["DeepArithmetic.LogicAbstraction.Proofs:importAllArts",
         "7c74f0a079866036"]]]]],
    ["libs",
     [["import dynlibs", "00000000000006bb"],
      ["package external libraries", "00000000000006bb"],
      ["module dynlibs", "00000000000006bb"],
      ["module plugins", "00000000000006bb"]]]]],
  ["Lean 4.31.0, commit 68218e876d2a38b1985b8590fff244a83c321783",
   "fc45ac412f28501c"],
  ["E:\\Dropbox\\GitHub\\lean4\\Lean4_vs_PureLogic\\DeepArithmetic\\LogicAbstraction\\ArithmeticProofs.lean",
   "e75656426c247824"],
  ["options", "00000000000006bb"],
  ["isModule: false", "feefd2a0d3a1847e"],
  ["Module.name: DeepArithmetic.LogicAbstraction.ArithmeticProofs",
   "e3bc50935caf2d90"],
  ["Package.id?: (some DeepArithmetic)", "6a1d067f457cfca4"],
  ["Module.leanArgs: #[]", "00000000000006bb"]],
 "depHash": "f6f1fd0ba7affd82"}