{"synthetic": false,
 "schemaVersion": "2025-09-10",
 "outputs":
 {"o": ["20307d01d907f100.olean"],
  "i": "957f00a50e110001.ilean",
  "c": "c7b19888ba79502f.c"},
 "log":
 [{"message":
   ".> LEAN_PATH=E:\\Dropbox\\GitHub\\lean4\\FOL\\.lake\\build\\lib\\lean;E:\\Dropbox\\GitHub\\lean4\\Lean4_vs_PureLogic\\.lake\\build\\lib\\lean c:\\Users\\julia\\.elan\\toolchains\\leanprover--lean4---v4.29.0\\bin\\lean.exe E:\\Dropbox\\GitHub\\lean4\\Lean4_vs_PureLogic\\DeepArithmetic\\LogicAbstraction\\Arithmetic.lean -o E:\\Dropbox\\GitHub\\lean4\\Lean4_vs_PureLogic\\.lake\\build\\lib\\lean\\DeepArithmetic\\LogicAbstraction\\Arithmetic.olean -i E:\\Dropbox\\GitHub\\lean4\\Lean4_vs_PureLogic\\.lake\\build\\lib\\lean\\DeepArithmetic\\LogicAbstraction\\Arithmetic.ilean -c E:\\Dropbox\\GitHub\\lean4\\Lean4_vs_PureLogic\\.lake\\build\\ir\\DeepArithmetic\\LogicAbstraction\\Arithmetic.c --setup E:\\Dropbox\\GitHub\\lean4\\Lean4_vs_PureLogic\\.lake\\build\\ir\\DeepArithmetic\\LogicAbstraction\\Arithmetic.setup.json --json",
   "level": "trace"}],
 "inputs":
 [["DeepArithmetic.LogicAbstraction.Arithmetic:deps",
   [["deps",
     [["DeepArithmetic/DeepArithmetic:extraDep",
       [["@DeepArithmetic:extraDep", "00000000000006bb"]]],
      ["imports",
       [["FOL transitive imports (legacy)", "c431a41a0390f1e2"],
        ["FOL:importAllArts", "19d9cf9fee717a78"],
        ["TheoryFramework.Theory transitive imports (legacy)",
         "2f62ee7dcd824463"],
        ["TheoryFramework.Theory:importAllArts", "f28d124a62fab92c"],
        ["TheoryFramework.Instances.FOL transitive imports (legacy)",
         "434ce0407af17198"],
        ["TheoryFramework.Instances.FOL:importAllArts", "e4fa5af52ba1fcb9"],
        ["DeepArithmetic.LogicAbstraction.SetTheory transitive imports (legacy)",
         "32a0fa2bba0a4a91"],
        ["DeepArithmetic.LogicAbstraction.SetTheory:importAllArts",
         "f3422fd0722e9f37"]]]]],
    ["libs",
     [["import dynlibs", "00000000000006bb"],
      ["package external libraries", "00000000000006bb"],
      ["module dynlibs", "00000000000006bb"],
      ["module plugins", "00000000000006bb"]]]]],
  ["Lean 4.29.0, commit 98dc76e3c0a9b856c9b98726b713fb04fab16740",
   "60bb08ef22408c8a"],
  ["E:\\Dropbox\\GitHub\\lean4\\Lean4_vs_PureLogic\\DeepArithmetic\\LogicAbstraction\\Arithmetic.lean",
   "ece0919eba8c63b1"],
  ["options", "00000000000006bb"],
  ["isModule: false", "feefd2a0d3a1847e"],
  ["Module.name: DeepArithmetic.LogicAbstraction.Arithmetic",
   "a812779a44e9e4d4"],
  ["Package.id?: (some DeepArithmetic)", "6a1d067f457cfca4"],
  ["Module.leanArgs: #[]", "00000000000006bb"]],
 "depHash": "36d857c983468244"}