{"synthetic": false,
 "schemaVersion": "2025-09-10",
 "outputs":
 {"o": ["b05017de5ba63ece.olean"],
  "m": false,
  "i": "3d635829e2128236.ilean",
  "c": "e400701d53736d9a.c"},
 "log":
 [{"message":
   ".> LEAN_PATH=E:\\Dropbox\\GitHub\\lean4\\FOL\\.lake\\build\\lib\\lean;E:\\Dropbox\\GitHub\\lean4\\Lean4_vs_PureLogic\\.lake\\build\\lib\\lean c:\\Users\\julia\\.elan\\toolchains\\leanprover--lean4---v4.31.0\\bin\\lean.exe E:\\Dropbox\\GitHub\\lean4\\Lean4_vs_PureLogic\\DeepArithmetic\\LogicAbstraction\\ArithmeticAddProofs.lean -o E:\\Dropbox\\GitHub\\lean4\\Lean4_vs_PureLogic\\.lake\\build\\lib\\lean\\DeepArithmetic\\LogicAbstraction\\ArithmeticAddProofs.olean -i E:\\Dropbox\\GitHub\\lean4\\Lean4_vs_PureLogic\\.lake\\build\\lib\\lean\\DeepArithmetic\\LogicAbstraction\\ArithmeticAddProofs.ilean -c E:\\Dropbox\\GitHub\\lean4\\Lean4_vs_PureLogic\\.lake\\build\\ir\\DeepArithmetic\\LogicAbstraction\\ArithmeticAddProofs.c --setup E:\\Dropbox\\GitHub\\lean4\\Lean4_vs_PureLogic\\.lake\\build\\ir\\DeepArithmetic\\LogicAbstraction\\ArithmeticAddProofs.setup.json --json",
   "level": "trace"},
  {"message":
   "DeepArithmetic/LogicAbstraction/ArithmeticAddProofs.lean:175:8: declaration uses `sorry`",
   "level": "warning"},
  {"message":
   "DeepArithmetic/LogicAbstraction/ArithmeticAddProofs.lean:259:8: declaration uses `sorry`",
   "level": "warning"},
  {"message":
   "DeepArithmetic/LogicAbstraction/ArithmeticAddProofs.lean:273:8: declaration uses `sorry`",
   "level": "warning"},
  {"message":
   "DeepArithmetic/LogicAbstraction/ArithmeticAddProofs.lean:282:8: declaration uses `sorry`",
   "level": "warning"},
  {"message":
   "DeepArithmetic/LogicAbstraction/ArithmeticAddProofs.lean:301:8: declaration uses `sorry`",
   "level": "warning"},
  {"message":
   "DeepArithmetic/LogicAbstraction/ArithmeticAddProofs.lean:321:8: declaration uses `sorry`",
   "level": "warning"},
  {"message":
   "DeepArithmetic/LogicAbstraction/ArithmeticAddProofs.lean:331:8: declaration uses `sorry`",
   "level": "warning"},
  {"message":
   "DeepArithmetic/LogicAbstraction/ArithmeticAddProofs.lean:353:8: declaration uses `sorry`",
   "level": "warning"}],
 "inputs":
 [["DeepArithmetic.LogicAbstraction.ArithmeticAddProofs:deps",
   [["deps",
     [["DeepArithmetic/DeepArithmetic:extraDep",
       [["@DeepArithmetic:extraDep", "00000000000006bb"]]],
      ["imports",
       [["FOL transitive imports (legacy)", "ed98b7bcf74074ed"],
        ["FOL:importAllArts", "a80edd4f728c1807"],
        ["TheoryFramework.Theory transitive imports (legacy)",
         "149d57ac26c96eab"],
        ["TheoryFramework.Theory:importAllArts", "6768b1ab0c218b26"],
        ["TheoryFramework.Instances.FOL transitive imports (legacy)",
         "451d7b039925a832"],
        ["TheoryFramework.Instances.FOL:importAllArts", "0ac26615c6dd11ce"],
        ["DeepArithmetic.LogicAbstraction.SetTheory transitive imports (legacy)",
         "2039d241aefba403"],
        ["DeepArithmetic.LogicAbstraction.SetTheory:importAllArts",
         "44fceb14c9973cc4"],
        ["DeepArithmetic.LogicAbstraction.Arithmetic transitive imports (legacy)",
         "53061475df7aad0c"],
        ["DeepArithmetic.LogicAbstraction.Arithmetic:importAllArts",
         "11210bc8e225e854"],
        ["DeepArithmetic.LogicAbstraction.Tactics transitive imports (legacy)",
         "fc95d2df7d5a026e"],
        ["DeepArithmetic.LogicAbstraction.Tactics:importAllArts",
         "012f7fdc781be859"],
        ["DeepArithmetic.LogicAbstraction.Proofs transitive imports (legacy)",
         "a82578331e250291"],
        ["DeepArithmetic.LogicAbstraction.Proofs:importAllArts",
         "1532d2c4312aa659"]]]]],
    ["libs",
     [["import dynlibs", "00000000000006bb"],
      ["package external libraries", "00000000000006bb"],
      ["module dynlibs", "00000000000006bb"],
      ["module plugins", "00000000000006bb"]]]]],
  ["Lean 4.31.0, commit 68218e876d2a38b1985b8590fff244a83c321783",
   "fc45ac412f28501c"],
  ["E:\\Dropbox\\GitHub\\lean4\\Lean4_vs_PureLogic\\DeepArithmetic\\LogicAbstraction\\ArithmeticAddProofs.lean",
   "9e9b552604ef6dd2"],
  ["options", "00000000000006bb"],
  ["isModule: false", "feefd2a0d3a1847e"],
  ["Module.name: DeepArithmetic.LogicAbstraction.ArithmeticAddProofs",
   "1d3e8cc94ef6b924"],
  ["Package.id?: (some DeepArithmetic)", "6a1d067f457cfca4"],
  ["Module.leanArgs: #[]", "00000000000006bb"]],
 "depHash": "2277a3789097643f"}