{"synthetic": false,
 "schemaVersion": "2025-09-10",
 "outputs":
 {"o": ["e7e58e1efdc5405a.olean"],
  "i": "e4938197809ac205.ilean",
  "c": "cd3dee56d46fcc33.c"},
 "log":
 [{"message":
   ".> LEAN_PATH=E:\\Dropbox\\GitHub\\lean4\\FOL\\.lake\\build\\lib\\lean;E:\\Dropbox\\GitHub\\lean4\\Lean4_vs_PureLogic\\.lake\\build\\lib\\lean c:\\Users\\julia\\.elan\\toolchains\\leanprover--lean4---v4.29.0\\bin\\lean.exe E:\\Dropbox\\GitHub\\lean4\\Lean4_vs_PureLogic\\DeepArithmetic\\LogicAbstraction\\PeanoModel.lean -o E:\\Dropbox\\GitHub\\lean4\\Lean4_vs_PureLogic\\.lake\\build\\lib\\lean\\DeepArithmetic\\LogicAbstraction\\PeanoModel.olean -i E:\\Dropbox\\GitHub\\lean4\\Lean4_vs_PureLogic\\.lake\\build\\lib\\lean\\DeepArithmetic\\LogicAbstraction\\PeanoModel.ilean -c E:\\Dropbox\\GitHub\\lean4\\Lean4_vs_PureLogic\\.lake\\build\\ir\\DeepArithmetic\\LogicAbstraction\\PeanoModel.c --setup E:\\Dropbox\\GitHub\\lean4\\Lean4_vs_PureLogic\\.lake\\build\\ir\\DeepArithmetic\\LogicAbstraction\\PeanoModel.setup.json --json",
   "level": "trace"},
  {"message":
   "DeepArithmetic/LogicAbstraction/PeanoModel.lean:97:23: This simp argument is unused:\n  evalTerm\n\nHint: Omit it from the simp argument list.\n  simp [evalFormula, evalTerm,̵ ̵e̵v̵a̵l̵T̵e̵r̵m̵s, DeepArithmeticPeanoModel]\n\nNote: This linter can be disabled with `set_option linter.unusedSimpArgs false`",
   "level": "warning"},
  {"message":
   "DeepArithmetic/LogicAbstraction/PeanoModel.lean:97:33: This simp argument is unused:\n  evalTerms\n\nHint: Omit it from the simp argument list.\n  simp [evalFormula, evalTerm, e̵v̵a̵l̵T̵e̵r̵m̵s̵,̵ ̵DeepArithmeticPeanoModel]\n\nNote: This linter can be disabled with `set_option linter.unusedSimpArgs false`",
   "level": "warning"},
  {"message":
   "DeepArithmetic/LogicAbstraction/PeanoModel.lean:103:23: This simp argument is unused:\n  evalTerm\n\nHint: Omit it from the simp argument list.\n  simp [evalFormula, evalTerm,̵ ̵e̵v̵a̵l̵T̵e̵r̵m̵s, DeepArithmeticPeanoModel]\n\nNote: This linter can be disabled with `set_option linter.unusedSimpArgs false`",
   "level": "warning"},
  {"message":
   "DeepArithmetic/LogicAbstraction/PeanoModel.lean:103:33: This simp argument is unused:\n  evalTerms\n\nHint: Omit it from the simp argument list.\n  simp [evalFormula, evalTerm, e̵v̵a̵l̵T̵e̵r̵m̵s̵,̵ ̵DeepArithmeticPeanoModel]\n\nNote: This linter can be disabled with `set_option linter.unusedSimpArgs false`",
   "level": "warning"},
  {"message":
   "DeepArithmetic/LogicAbstraction/PeanoModel.lean:110:23: This simp argument is unused:\n  evalTerm\n\nHint: Omit it from the simp argument list.\n  simp [evalFormula, evalTerm,̵ ̵e̵v̵a̵l̵T̵e̵r̵m̵s, DeepArithmeticPeanoModel]\n\nNote: This linter can be disabled with `set_option linter.unusedSimpArgs false`",
   "level": "warning"},
  {"message":
   "DeepArithmetic/LogicAbstraction/PeanoModel.lean:110:33: This simp argument is unused:\n  evalTerms\n\nHint: Omit it from the simp argument list.\n  simp [evalFormula, evalTerm, e̵v̵a̵l̵T̵e̵r̵m̵s̵,̵ ̵DeepArithmeticPeanoModel]\n\nNote: This linter can be disabled with `set_option linter.unusedSimpArgs false`",
   "level": "warning"},
  {"message":
   "DeepArithmetic/LogicAbstraction/PeanoModel.lean:116:23: This simp argument is unused:\n  evalTerm\n\nHint: Omit it from the simp argument list.\n  simp [evalFormula, evalTerm,̵ ̵e̵v̵a̵l̵T̵e̵r̵m̵s, DeepArithmeticPeanoModel]\n\nNote: This linter can be disabled with `set_option linter.unusedSimpArgs false`",
   "level": "warning"},
  {"message":
   "DeepArithmetic/LogicAbstraction/PeanoModel.lean:116:33: This simp argument is unused:\n  evalTerms\n\nHint: Omit it from the simp argument list.\n  simp [evalFormula, evalTerm, e̵v̵a̵l̵T̵e̵r̵m̵s̵,̵ ̵DeepArithmeticPeanoModel]\n\nNote: This linter can be disabled with `set_option linter.unusedSimpArgs false`",
   "level": "warning"},
  {"message":
   "DeepArithmetic/LogicAbstraction/PeanoModel.lean:123:23: This simp argument is unused:\n  evalTerm\n\nHint: Omit it from the simp argument list.\n  simp [evalFormula, evalTerm,̵ ̵e̵v̵a̵l̵T̵e̵r̵m̵s, DeepArithmeticPeanoModel]\n\nNote: This linter can be disabled with `set_option linter.unusedSimpArgs false`",
   "level": "warning"},
  {"message":
   "DeepArithmetic/LogicAbstraction/PeanoModel.lean:123:33: This simp argument is unused:\n  evalTerms\n\nHint: Omit it from the simp argument list.\n  simp [evalFormula, evalTerm, e̵v̵a̵l̵T̵e̵r̵m̵s̵,̵ ̵DeepArithmeticPeanoModel]\n\nNote: This linter can be disabled with `set_option linter.unusedSimpArgs false`",
   "level": "warning"},
  {"message":
   "DeepArithmetic/LogicAbstraction/PeanoModel.lean:129:23: This simp argument is unused:\n  evalTerm\n\nHint: Omit it from the simp argument list.\n  simp [evalFormula, evalTerm,̵ ̵e̵v̵a̵l̵T̵e̵r̵m̵s, DeepArithmeticPeanoModel]\n\nNote: This linter can be disabled with `set_option linter.unusedSimpArgs false`",
   "level": "warning"},
  {"message":
   "DeepArithmetic/LogicAbstraction/PeanoModel.lean:129:33: This simp argument is unused:\n  evalTerms\n\nHint: Omit it from the simp argument list.\n  simp [evalFormula, evalTerm, e̵v̵a̵l̵T̵e̵r̵m̵s̵,̵ ̵DeepArithmeticPeanoModel]\n\nNote: This linter can be disabled with `set_option linter.unusedSimpArgs false`",
   "level": "warning"}],
 "inputs":
 [["DeepArithmetic.LogicAbstraction.PeanoModel:deps",
   [["deps",
     [["DeepArithmetic/DeepArithmetic:extraDep",
       [["@DeepArithmetic:extraDep", "00000000000006bb"]]],
      ["imports",
       [["TheoryFramework.Instances.FOL transitive imports (legacy)",
         "434ce0407af17198"],
        ["TheoryFramework.Instances.FOL:importAllArts", "e4fa5af52ba1fcb9"],
        ["TheoryFramework.Theory transitive imports (legacy)",
         "2f62ee7dcd824463"],
        ["TheoryFramework.Theory:importAllArts", "f28d124a62fab92c"],
        ["DeepArithmetic.Semantics.Peano.System transitive imports (legacy)",
         "a1a14460885b2df6"],
        ["DeepArithmetic.Semantics.Peano.System:importAllArts",
         "56366b6cddc19f75"],
        ["DeepArithmetic.Semantics.Peano.Computability transitive imports (legacy)",
         "06775d38712d07b4"],
        ["DeepArithmetic.Semantics.Peano.Computability:importAllArts",
         "a6149a9894b91e7d"]]]]],
    ["libs",
     [["import dynlibs", "00000000000006bb"],
      ["package external libraries", "00000000000006bb"],
      ["module dynlibs", "00000000000006bb"],
      ["module plugins", "00000000000006bb"]]]]],
  ["Lean 4.29.0, commit 98dc76e3c0a9b856c9b98726b713fb04fab16740",
   "60bb08ef22408c8a"],
  ["E:\\Dropbox\\GitHub\\lean4\\Lean4_vs_PureLogic\\DeepArithmetic\\LogicAbstraction\\PeanoModel.lean",
   "f505fd64a229fa0e"],
  ["options", "00000000000006bb"],
  ["isModule: false", "feefd2a0d3a1847e"],
  ["Module.name: DeepArithmetic.LogicAbstraction.PeanoModel",
   "4373f5efb189a212"],
  ["Package.id?: (some DeepArithmetic)", "6a1d067f457cfca4"],
  ["Module.leanArgs: #[]", "00000000000006bb"]],
 "depHash": "8de34cfd5675cc72"}