{"synthetic": false,
 "schemaVersion": "2025-09-10",
 "outputs":
 {"o": ["3c6376248918cbd8.olean"],
  "m": false,
  "i": "ffb2f3f421d2f076.ilean",
  "c": "f66c1adc2dcc3645.c"},
 "log":
 [{"message":
   ".> LEAN_PATH=E:\\Dropbox\\GitHub\\lean4\\FOL\\.lake\\build\\lib\\lean;E:\\Dropbox\\GitHub\\lean4\\Lean4_vs_PureLogic\\.lake\\build\\lib\\lean c:\\Users\\julia\\.elan\\toolchains\\leanprover--lean4---v4.31.0\\bin\\lean.exe E:\\Dropbox\\GitHub\\lean4\\Lean4_vs_PureLogic\\DeepArithmetic\\LogicAbstraction\\Proofs.lean -o E:\\Dropbox\\GitHub\\lean4\\Lean4_vs_PureLogic\\.lake\\build\\lib\\lean\\DeepArithmetic\\LogicAbstraction\\Proofs.olean -i E:\\Dropbox\\GitHub\\lean4\\Lean4_vs_PureLogic\\.lake\\build\\lib\\lean\\DeepArithmetic\\LogicAbstraction\\Proofs.ilean -c E:\\Dropbox\\GitHub\\lean4\\Lean4_vs_PureLogic\\.lake\\build\\ir\\DeepArithmetic\\LogicAbstraction\\Proofs.c --setup E:\\Dropbox\\GitHub\\lean4\\Lean4_vs_PureLogic\\.lake\\build\\ir\\DeepArithmetic\\LogicAbstraction\\Proofs.setup.json --json",
   "level": "trace"},
  {"message":
   "DeepArithmetic/LogicAbstraction/Proofs.lean:61:34: This simp argument is unused:\n  gamma_add_zero\n\nHint: Omit it from the simp argument list.\n  simp [ArithmeticAxiomsList,̵ ̵g̵a̵m̵m̵a̵_̵a̵d̵d̵_̵z̵e̵r̵o̵]\n\nNote: This linter can be disabled with `set_option linter.unusedSimpArgs false`",
   "level": "warning"}],
 "inputs":
 [["DeepArithmetic.LogicAbstraction.Proofs:deps",
   [["deps",
     [["DeepArithmetic/DeepArithmetic:extraDep",
       [["@DeepArithmetic:extraDep", "00000000000006bb"]]],
      ["imports",
       [["FOL transitive imports (legacy)", "ed98b7bcf74074ed"],
        ["FOL:importAllArts", "a80edd4f728c1807"],
        ["TheoryFramework.Theory transitive imports (legacy)",
         "149d57ac26c96eab"],
        ["TheoryFramework.Theory:importAllArts", "6768b1ab0c218b26"],
        ["TheoryFramework.Instances.FOL transitive imports (legacy)",
         "451d7b039925a832"],
        ["TheoryFramework.Instances.FOL:importAllArts", "0ac26615c6dd11ce"],
        ["DeepArithmetic.LogicAbstraction.SetTheory transitive imports (legacy)",
         "2039d241aefba403"],
        ["DeepArithmetic.LogicAbstraction.SetTheory:importAllArts",
         "44fceb14c9973cc4"],
        ["DeepArithmetic.LogicAbstraction.Arithmetic transitive imports (legacy)",
         "53061475df7aad0c"],
        ["DeepArithmetic.LogicAbstraction.Arithmetic:importAllArts",
         "11210bc8e225e854"],
        ["DeepArithmetic.LogicAbstraction.Tactics transitive imports (legacy)",
         "fc95d2df7d5a026e"],
        ["DeepArithmetic.LogicAbstraction.Tactics:importAllArts",
         "012f7fdc781be859"]]]]],
    ["libs",
     [["import dynlibs", "00000000000006bb"],
      ["package external libraries", "00000000000006bb"],
      ["module dynlibs", "00000000000006bb"],
      ["module plugins", "00000000000006bb"]]]]],
  ["Lean 4.31.0, commit 68218e876d2a38b1985b8590fff244a83c321783",
   "fc45ac412f28501c"],
  ["E:\\Dropbox\\GitHub\\lean4\\Lean4_vs_PureLogic\\DeepArithmetic\\LogicAbstraction\\Proofs.lean",
   "42323127d392f480"],
  ["options", "00000000000006bb"],
  ["isModule: false", "feefd2a0d3a1847e"],
  ["Module.name: DeepArithmetic.LogicAbstraction.Proofs", "1e55db202c411c94"],
  ["Package.id?: (some DeepArithmetic)", "6a1d067f457cfca4"],
  ["Module.leanArgs: #[]", "00000000000006bb"]],
 "depHash": "71b27946116b36a0"}