{"synthetic": false,
 "schemaVersion": "2025-09-10",
 "outputs":
 {"o": ["fcba85ddfe5c2333.olean"],
  "m": false,
  "i": "70725d33daae2696.ilean",
  "c": "4b7619a59897dba2.c"},
 "log":
 [{"message":
   ".> LEAN_PATH=E:\\Dropbox\\GitHub\\lean4\\FOL\\.lake\\build\\lib\\lean;E:\\Dropbox\\GitHub\\lean4\\Lean4_vs_PureLogic\\.lake\\build\\lib\\lean c:\\Users\\julia\\.elan\\toolchains\\leanprover--lean4---v4.31.0\\bin\\lean.exe E:\\Dropbox\\GitHub\\lean4\\Lean4_vs_PureLogic\\DeepArithmetic\\LogicAbstraction\\Trees.lean -o E:\\Dropbox\\GitHub\\lean4\\Lean4_vs_PureLogic\\.lake\\build\\lib\\lean\\DeepArithmetic\\LogicAbstraction\\Trees.olean -i E:\\Dropbox\\GitHub\\lean4\\Lean4_vs_PureLogic\\.lake\\build\\lib\\lean\\DeepArithmetic\\LogicAbstraction\\Trees.ilean -c E:\\Dropbox\\GitHub\\lean4\\Lean4_vs_PureLogic\\.lake\\build\\ir\\DeepArithmetic\\LogicAbstraction\\Trees.c --setup E:\\Dropbox\\GitHub\\lean4\\Lean4_vs_PureLogic\\.lake\\build\\ir\\DeepArithmetic\\LogicAbstraction\\Trees.setup.json --json",
   "level": "trace"}],
 "inputs":
 [["DeepArithmetic.LogicAbstraction.Trees:deps",
   [["deps",
     [["DeepArithmetic/DeepArithmetic:extraDep",
       [["@DeepArithmetic:extraDep", "00000000000006bb"]]],
      ["imports",
       [["FOL transitive imports (legacy)", "ed98b7bcf74074ed"],
        ["FOL:importAllArts", "a80edd4f728c1807"],
        ["TheoryFramework.Theory transitive imports (legacy)",
         "149d57ac26c96eab"],
        ["TheoryFramework.Theory:importAllArts", "6768b1ab0c218b26"],
        ["TheoryFramework.Instances.FOL transitive imports (legacy)",
         "451d7b039925a832"],
        ["TheoryFramework.Instances.FOL:importAllArts", "0ac26615c6dd11ce"],
        ["DeepArithmetic.LogicAbstraction.SetTheory transitive imports (legacy)",
         "2039d241aefba403"],
        ["DeepArithmetic.LogicAbstraction.SetTheory:importAllArts",
         "44fceb14c9973cc4"],
        ["DeepArithmetic.LogicAbstraction.SyntacticSugar transitive imports (legacy)",
         "618ce80e278b211d"],
        ["DeepArithmetic.LogicAbstraction.SyntacticSugar:importAllArts",
         "c99d3d369103d0a5"]]]]],
    ["libs",
     [["import dynlibs", "00000000000006bb"],
      ["package external libraries", "00000000000006bb"],
      ["module dynlibs", "00000000000006bb"],
      ["module plugins", "00000000000006bb"]]]]],
  ["Lean 4.31.0, commit 68218e876d2a38b1985b8590fff244a83c321783",
   "fc45ac412f28501c"],
  ["E:\\Dropbox\\GitHub\\lean4\\Lean4_vs_PureLogic\\DeepArithmetic\\LogicAbstraction\\Trees.lean",
   "e220e7b93171f6e8"],
  ["options", "00000000000006bb"],
  ["isModule: false", "feefd2a0d3a1847e"],
  ["Module.name: DeepArithmetic.LogicAbstraction.Trees", "982f9635a3d35c87"],
  ["Package.id?: (some DeepArithmetic)", "6a1d067f457cfca4"],
  ["Module.leanArgs: #[]", "00000000000006bb"]],
 "depHash": "34874b658ae0567f"}