{"synthetic": false,
 "schemaVersion": "2025-09-10",
 "outputs":
 {"o": ["12957d756ec574e1.olean"],
  "m": false,
  "i": "124d5949e33ab358.ilean",
  "c": "f2abfc793524baf3.c"},
 "log":
 [{"message":
   ".> LEAN_PATH=E:\\Dropbox\\GitHub\\lean4\\FOL\\.lake\\build\\lib\\lean;E:\\Dropbox\\GitHub\\lean4\\Lean4_vs_PureLogic\\.lake\\build\\lib\\lean c:\\Users\\julia\\.elan\\toolchains\\leanprover--lean4---v4.31.0\\bin\\lean.exe E:\\Dropbox\\GitHub\\lean4\\Lean4_vs_PureLogic\\DeepArithmetic\\LogicAbstraction\\TreeProofs.lean -o E:\\Dropbox\\GitHub\\lean4\\Lean4_vs_PureLogic\\.lake\\build\\lib\\lean\\DeepArithmetic\\LogicAbstraction\\TreeProofs.olean -i E:\\Dropbox\\GitHub\\lean4\\Lean4_vs_PureLogic\\.lake\\build\\lib\\lean\\DeepArithmetic\\LogicAbstraction\\TreeProofs.ilean -c E:\\Dropbox\\GitHub\\lean4\\Lean4_vs_PureLogic\\.lake\\build\\ir\\DeepArithmetic\\LogicAbstraction\\TreeProofs.c --setup E:\\Dropbox\\GitHub\\lean4\\Lean4_vs_PureLogic\\.lake\\build\\ir\\DeepArithmetic\\LogicAbstraction\\TreeProofs.setup.json --json",
   "level": "trace"},
  {"message":
   "DeepArithmetic/LogicAbstraction/TreeProofs.lean:34:4: declaration uses `sorry`",
   "level": "warning"},
  {"message":
   "DeepArithmetic/LogicAbstraction/TreeProofs.lean:39:4: declaration uses `sorry`",
   "level": "warning"},
  {"message":
   "DeepArithmetic/LogicAbstraction/TreeProofs.lean:49:4: declaration uses `sorry`",
   "level": "warning"}],
 "inputs":
 [["DeepArithmetic.LogicAbstraction.TreeProofs:deps",
   [["deps",
     [["DeepArithmetic/DeepArithmetic:extraDep",
       [["@DeepArithmetic:extraDep", "00000000000006bb"]]],
      ["imports",
       [["FOL transitive imports (legacy)", "ed98b7bcf74074ed"],
        ["FOL:importAllArts", "a80edd4f728c1807"],
        ["TheoryFramework.Theory transitive imports (legacy)",
         "149d57ac26c96eab"],
        ["TheoryFramework.Theory:importAllArts", "6768b1ab0c218b26"],
        ["TheoryFramework.Instances.FOL transitive imports (legacy)",
         "451d7b039925a832"],
        ["TheoryFramework.Instances.FOL:importAllArts", "0ac26615c6dd11ce"],
        ["DeepArithmetic.LogicAbstraction.SetTheory transitive imports (legacy)",
         "2039d241aefba403"],
        ["DeepArithmetic.LogicAbstraction.SetTheory:importAllArts",
         "44fceb14c9973cc4"],
        ["DeepArithmetic.LogicAbstraction.SyntacticSugar transitive imports (legacy)",
         "618ce80e278b211d"],
        ["DeepArithmetic.LogicAbstraction.SyntacticSugar:importAllArts",
         "c99d3d369103d0a5"],
        ["DeepArithmetic.LogicAbstraction.Arithmetic transitive imports (legacy)",
         "53061475df7aad0c"],
        ["DeepArithmetic.LogicAbstraction.Arithmetic:importAllArts",
         "11210bc8e225e854"],
        ["DeepArithmetic.LogicAbstraction.Trees transitive imports (legacy)",
         "359c789534ac9771"],
        ["DeepArithmetic.LogicAbstraction.Trees:importAllArts",
         "6bccb8a453f92592"],
        ["DeepArithmetic.LogicAbstraction.Tactics transitive imports (legacy)",
         "fc95d2df7d5a026e"],
        ["DeepArithmetic.LogicAbstraction.Tactics:importAllArts",
         "012f7fdc781be859"],
        ["DeepArithmetic.LogicAbstraction.Proofs transitive imports (legacy)",
         "a82578331e250291"],
        ["DeepArithmetic.LogicAbstraction.Proofs:importAllArts",
         "1532d2c4312aa659"]]]]],
    ["libs",
     [["import dynlibs", "00000000000006bb"],
      ["package external libraries", "00000000000006bb"],
      ["module dynlibs", "00000000000006bb"],
      ["module plugins", "00000000000006bb"]]]]],
  ["Lean 4.31.0, commit 68218e876d2a38b1985b8590fff244a83c321783",
   "fc45ac412f28501c"],
  ["E:\\Dropbox\\GitHub\\lean4\\Lean4_vs_PureLogic\\DeepArithmetic\\LogicAbstraction\\TreeProofs.lean",
   "c6742b946995e2ee"],
  ["options", "00000000000006bb"],
  ["isModule: false", "feefd2a0d3a1847e"],
  ["Module.name: DeepArithmetic.LogicAbstraction.TreeProofs",
   "e108fa3a0cce5eb0"],
  ["Package.id?: (some DeepArithmetic)", "6a1d067f457cfca4"],
  ["Module.leanArgs: #[]", "00000000000006bb"]],
 "depHash": "32a839d0fd5cbf2c"}