{"synthetic": false,
 "schemaVersion": "2025-09-10",
 "outputs":
 {"o": ["47806929f7af2ac7.olean"],
  "m": false,
  "i": "5f2ead2287eccaff.ilean",
  "c": "cb95dec9936aa8aa.c"},
 "log":
 [{"message":
   ".> LEAN_PATH=E:\\Dropbox\\GitHub\\lean4\\FOL\\.lake\\build\\lib\\lean;E:\\Dropbox\\GitHub\\lean4\\Lean4_vs_PureLogic\\.lake\\build\\lib\\lean c:\\Users\\julia\\.elan\\toolchains\\leanprover--lean4---v4.31.0\\bin\\lean.exe E:\\Dropbox\\GitHub\\lean4\\Lean4_vs_PureLogic\\DeepArithmetic.lean -o E:\\Dropbox\\GitHub\\lean4\\Lean4_vs_PureLogic\\.lake\\build\\lib\\lean\\DeepArithmetic.olean -i E:\\Dropbox\\GitHub\\lean4\\Lean4_vs_PureLogic\\.lake\\build\\lib\\lean\\DeepArithmetic.ilean -c E:\\Dropbox\\GitHub\\lean4\\Lean4_vs_PureLogic\\.lake\\build\\ir\\DeepArithmetic.c --setup E:\\Dropbox\\GitHub\\lean4\\Lean4_vs_PureLogic\\.lake\\build\\ir\\DeepArithmetic.setup.json --json",
   "level": "trace"}],
 "inputs":
 [["DeepArithmetic:deps",
   [["deps",
     [["DeepArithmetic/DeepArithmetic:extraDep",
       [["@DeepArithmetic:extraDep", "00000000000006bb"]]],
      ["imports",
       [["DeepArithmetic.Foundation.Lists.PureAxioms transitive imports (legacy)",
         "04efe4daab0fb10d"],
        ["DeepArithmetic.Foundation.Lists.PureAxioms:importAllArts",
         "c4a2dc3d4f3e87e5"],
        ["DeepArithmetic.Foundation.Trees.PureAxioms transitive imports (legacy)",
         "00000000000006bb"],
        ["DeepArithmetic.Foundation.Trees.PureAxioms:importAllArts",
         "4e185112599185c2"],
        ["DeepArithmetic.Semantics.Peano.Connection transitive imports (legacy)",
         "50f3aab51575a756"],
        ["DeepArithmetic.Semantics.Peano.Connection:importAllArts",
         "5e44d2caaff1a7ad"],
        ["DeepArithmetic.Semantics.Lists.Connection transitive imports (legacy)",
         "022844ef8cb3ce41"],
        ["DeepArithmetic.Semantics.Lists.Connection:importAllArts",
         "ffdceaddbdd7c489"],
        ["DeepArithmetic.Semantics.Trees.Connection transitive imports (legacy)",
         "7c784cd77af067cd"],
        ["DeepArithmetic.Semantics.Trees.Connection:importAllArts",
         "579065e780e18a84"],
        ["DeepArithmetic.Semantics.Lists.Computability transitive imports (legacy)",
         "6f593b4cb3c779fb"],
        ["DeepArithmetic.Semantics.Lists.Computability:importAllArts",
         "25112af69fb8b9a1"],
        ["DeepArithmetic.Semantics.Trees.Computability transitive imports (legacy)",
         "0bf2cc522b048447"],
        ["DeepArithmetic.Semantics.Trees.Computability:importAllArts",
         "477565bd1e06e604"],
        ["DeepArithmetic.Semantics.Peano.Computability transitive imports (legacy)",
         "0438ba6c5690efd8"],
        ["DeepArithmetic.Semantics.Peano.Computability:importAllArts",
         "625b6f807f16ccf7"],
        ["DeepArithmetic.LogicAbstraction.SyntacticSugar transitive imports (legacy)",
         "618ce80e278b211d"],
        ["DeepArithmetic.LogicAbstraction.SyntacticSugar:importAllArts",
         "c99d3d369103d0a5"],
        ["DeepArithmetic.LogicAbstraction.SetTheory transitive imports (legacy)",
         "2039d241aefba403"],
        ["DeepArithmetic.LogicAbstraction.SetTheory:importAllArts",
         "44fceb14c9973cc4"],
        ["DeepArithmetic.LogicAbstraction.Arithmetic transitive imports (legacy)",
         "53061475df7aad0c"],
        ["DeepArithmetic.LogicAbstraction.Arithmetic:importAllArts",
         "11210bc8e225e854"],
        ["DeepArithmetic.LogicAbstraction.PeanoModel transitive imports (legacy)",
         "fbf52509d3819e44"],
        ["DeepArithmetic.LogicAbstraction.PeanoModel:importAllArts",
         "68f3a86370b456de"],
        ["DeepArithmetic.LogicAbstraction.Tactics transitive imports (legacy)",
         "fc95d2df7d5a026e"],
        ["DeepArithmetic.LogicAbstraction.Tactics:importAllArts",
         "854159857ac11b4c"],
        ["DeepArithmetic.LogicAbstraction.Proofs transitive imports (legacy)",
         "eda16508c7d1b2b6"],
        ["DeepArithmetic.LogicAbstraction.Proofs:importAllArts",
         "1532d2c4312aa659"],
        ["DeepArithmetic.LogicAbstraction.ArithmeticAddProofs transitive imports (legacy)",
         "23881def3af85fec"],
        ["DeepArithmetic.LogicAbstraction.ArithmeticAddProofs:importAllArts",
         "40cecd3bf200c356"],
        ["DeepArithmetic.LogicAbstraction.ArithmeticMultProofs transitive imports (legacy)",
         "c6a450634edd8d45"],
        ["DeepArithmetic.LogicAbstraction.ArithmeticMultProofs:importAllArts",
         "5f554d95723feb79"],
        ["DeepArithmetic.LogicAbstraction.Lists transitive imports (legacy)",
         "359c789534ac9771"],
        ["DeepArithmetic.LogicAbstraction.Lists:importAllArts",
         "12df10afee53699c"],
        ["DeepArithmetic.LogicAbstraction.Trees transitive imports (legacy)",
         "359c789534ac9771"],
        ["DeepArithmetic.LogicAbstraction.Trees:importAllArts",
         "b74f64e38e190370"]]]]],
    ["libs",
     [["import dynlibs", "00000000000006bb"],
      ["package external libraries", "00000000000006bb"],
      ["module dynlibs", "00000000000006bb"],
      ["module plugins", "00000000000006bb"]]]]],
  ["Lean 4.31.0, commit 68218e876d2a38b1985b8590fff244a83c321783",
   "fc45ac412f28501c"],
  ["E:\\Dropbox\\GitHub\\lean4\\Lean4_vs_PureLogic\\DeepArithmetic.lean",
   "362f869f24238e58"],
  ["options", "00000000000006bb"],
  ["isModule: false", "feefd2a0d3a1847e"],
  ["Module.name: DeepArithmetic", "d4e814940b0d85f8"],
  ["Package.id?: (some DeepArithmetic)", "6a1d067f457cfca4"],
  ["Module.leanArgs: #[]", "00000000000006bb"]],
 "depHash": "9a12bed2d3eb9d9a"}