{"synthetic": false,
 "schemaVersion": "2025-09-10",
 "outputs":
 {"o": ["bfaf66afb76dbe2f.olean"],
  "m": false,
  "i": "bbbb4b402a753a80.ilean",
  "c": "c492324b23369383.c"},
 "log":
 [{"message":
   ".> LEAN_PATH=E:\\Dropbox\\GitHub\\lean4\\FOL\\.lake\\build\\lib\\lean;E:\\Dropbox\\GitHub\\lean4\\Lean4_vs_PureLogic\\.lake\\build\\lib\\lean c:\\Users\\julia\\.elan\\toolchains\\leanprover--lean4---v4.31.0\\bin\\lean.exe E:\\Dropbox\\GitHub\\lean4\\Lean4_vs_PureLogic\\DeepArithmetic\\Semantics\\Peano\\Connection.lean -o E:\\Dropbox\\GitHub\\lean4\\Lean4_vs_PureLogic\\.lake\\build\\lib\\lean\\DeepArithmetic\\Semantics\\Peano\\Connection.olean -i E:\\Dropbox\\GitHub\\lean4\\Lean4_vs_PureLogic\\.lake\\build\\lib\\lean\\DeepArithmetic\\Semantics\\Peano\\Connection.ilean -c E:\\Dropbox\\GitHub\\lean4\\Lean4_vs_PureLogic\\.lake\\build\\ir\\DeepArithmetic\\Semantics\\Peano\\Connection.c --setup E:\\Dropbox\\GitHub\\lean4\\Lean4_vs_PureLogic\\.lake\\build\\ir\\DeepArithmetic\\Semantics\\Peano\\Connection.setup.json --json",
   "level": "trace"}],
 "inputs":
 [["DeepArithmetic.Semantics.Peano.Connection:deps",
   [["deps",
     [["DeepArithmetic/DeepArithmetic:extraDep",
       [["@DeepArithmetic:extraDep", "00000000000006bb"]]],
      ["imports",
       [["FOL.FOL transitive imports (legacy)", "00000000000006bb"],
        ["FOL.FOL:importAllArts", "83e45ab39be2ff2e"],
        ["DeepArithmetic.Syntax.Peano transitive imports (legacy)",
         "eeb6a53fe4d6e0cf"],
        ["DeepArithmetic.Syntax.Peano:importAllArts", "d46ec85e0a11f46d"],
        ["DeepArithmetic.Semantics.Peano.System transitive imports (legacy)",
         "04efe4daab0fb10d"],
        ["DeepArithmetic.Semantics.Peano.System:importAllArts",
         "008addc3dc138a65"]]]]],
    ["libs",
     [["import dynlibs", "00000000000006bb"],
      ["package external libraries", "00000000000006bb"],
      ["module dynlibs", "00000000000006bb"],
      ["module plugins", "00000000000006bb"]]]]],
  ["Lean 4.31.0, commit 68218e876d2a38b1985b8590fff244a83c321783",
   "fc45ac412f28501c"],
  ["E:\\Dropbox\\GitHub\\lean4\\Lean4_vs_PureLogic\\DeepArithmetic\\Semantics\\Peano\\Connection.lean",
   "8aa81bf7ac6fe630"],
  ["options", "00000000000006bb"],
  ["isModule: false", "feefd2a0d3a1847e"],
  ["Module.name: DeepArithmetic.Semantics.Peano.Connection",
   "8dc7689b9539b247"],
  ["Package.id?: (some DeepArithmetic)", "6a1d067f457cfca4"],
  ["Module.leanArgs: #[]", "00000000000006bb"]],
 "depHash": "302ef106653f6794"}