{"synthetic": false,
 "schemaVersion": "2025-09-10",
 "outputs":
 {"o": ["f80007a851cea945.olean"],
  "i": "191561ae863b8c1c.ilean",
  "c": "b9b93c308e6ef188.c"},
 "log":
 [{"message":
   ".> LEAN_PATH=E:\\Dropbox\\GitHub\\lean4\\FOL\\.lake\\build\\lib\\lean;E:\\Dropbox\\GitHub\\lean4\\Lean4_vs_PureLogic\\.lake\\build\\lib\\lean c:\\Users\\julia\\.elan\\toolchains\\leanprover--lean4---v4.29.0\\bin\\lean.exe E:\\Dropbox\\GitHub\\lean4\\Lean4_vs_PureLogic\\DeepArithmetic\\Semantics\\Lists\\Computability.lean -o E:\\Dropbox\\GitHub\\lean4\\Lean4_vs_PureLogic\\.lake\\build\\lib\\lean\\DeepArithmetic\\Semantics\\Lists\\Computability.olean -i E:\\Dropbox\\GitHub\\lean4\\Lean4_vs_PureLogic\\.lake\\build\\lib\\lean\\DeepArithmetic\\Semantics\\Lists\\Computability.ilean -c E:\\Dropbox\\GitHub\\lean4\\Lean4_vs_PureLogic\\.lake\\build\\ir\\DeepArithmetic\\Semantics\\Lists\\Computability.c --setup E:\\Dropbox\\GitHub\\lean4\\Lean4_vs_PureLogic\\.lake\\build\\ir\\DeepArithmetic\\Semantics\\Lists\\Computability.setup.json --json",
   "level": "trace"}],
 "inputs":
 [["DeepArithmetic.Semantics.Lists.Computability:deps",
   [["deps",
     [["DeepArithmetic/DeepArithmetic:extraDep",
       [["@DeepArithmetic:extraDep", "00000000000006bb"]]],
      ["imports",
       [["DeepArithmetic.Semantics.Lists.System transitive imports (legacy)",
         "a1a14460885b2df6"],
        ["DeepArithmetic.Semantics.Lists.System:importAllArts",
         "d68cb1c5eab9bec5"],
        ["DeepArithmetic.Semantics.Peano.System transitive imports (legacy)",
         "a1a14460885b2df6"],
        ["DeepArithmetic.Semantics.Peano.System:importAllArts",
         "56366b6cddc19f75"],
        ["DeepArithmetic.Semantics.Peano.Computability transitive imports (legacy)",
         "06775d38712d07b4"],
        ["DeepArithmetic.Semantics.Peano.Computability:importAllArts",
         "2f7fcd14df931437"]]]]],
    ["libs",
     [["import dynlibs", "00000000000006bb"],
      ["package external libraries", "00000000000006bb"],
      ["module dynlibs", "00000000000006bb"],
      ["module plugins", "00000000000006bb"]]]]],
  ["Lean 4.29.0, commit 98dc76e3c0a9b856c9b98726b713fb04fab16740",
   "60bb08ef22408c8a"],
  ["E:\\Dropbox\\GitHub\\lean4\\Lean4_vs_PureLogic\\DeepArithmetic\\Semantics\\Lists\\Computability.lean",
   "00cc08ff99bee46d"],
  ["options", "00000000000006bb"],
  ["isModule: false", "feefd2a0d3a1847e"],
  ["Module.name: DeepArithmetic.Semantics.Lists.Computability",
   "43ae69e3d25e7923"],
  ["Package.id?: (some DeepArithmetic)", "6a1d067f457cfca4"],
  ["Module.leanArgs: #[]", "00000000000006bb"]],
 "depHash": "76af0606ca1a0267"}