{"synthetic": false,
 "schemaVersion": "2025-09-10",
 "outputs":
 {"o": ["9956c935d7162a19.olean"],
  "m": false,
  "i": "53b625f9e3c72892.ilean",
  "c": "ccd5e2270af88676.c"},
 "log":
 [{"message":
   ".> LEAN_PATH=E:\\Dropbox\\GitHub\\lean4\\FOL\\.lake\\build\\lib\\lean;E:\\Dropbox\\GitHub\\lean4\\Lean4_vs_PureLogic\\.lake\\build\\lib\\lean c:\\Users\\julia\\.elan\\toolchains\\leanprover--lean4---v4.31.0\\bin\\lean.exe E:\\Dropbox\\GitHub\\lean4\\Lean4_vs_PureLogic\\DeepArithmetic\\Semantics\\Lists\\Connection.lean -o E:\\Dropbox\\GitHub\\lean4\\Lean4_vs_PureLogic\\.lake\\build\\lib\\lean\\DeepArithmetic\\Semantics\\Lists\\Connection.olean -i E:\\Dropbox\\GitHub\\lean4\\Lean4_vs_PureLogic\\.lake\\build\\lib\\lean\\DeepArithmetic\\Semantics\\Lists\\Connection.ilean -c E:\\Dropbox\\GitHub\\lean4\\Lean4_vs_PureLogic\\.lake\\build\\ir\\DeepArithmetic\\Semantics\\Lists\\Connection.c --setup E:\\Dropbox\\GitHub\\lean4\\Lean4_vs_PureLogic\\.lake\\build\\ir\\DeepArithmetic\\Semantics\\Lists\\Connection.setup.json --json",
   "level": "trace"}],
 "inputs":
 [["DeepArithmetic.Semantics.Lists.Connection:deps",
   [["deps",
     [["DeepArithmetic/DeepArithmetic:extraDep",
       [["@DeepArithmetic:extraDep", "00000000000006bb"]]],
      ["imports",
       [["FOL.FOL transitive imports (legacy)", "00000000000006bb"],
        ["FOL.FOL:importAllArts", "83e45ab39be2ff2e"],
        ["DeepArithmetic.Syntax.Lists transitive imports (legacy)",
         "eeb6a53fe4d6e0cf"],
        ["DeepArithmetic.Syntax.Lists:importAllArts", "7933aa9e0c18765a"],
        ["DeepArithmetic.Semantics.Lists.System transitive imports (legacy)",
         "04efe4daab0fb10d"],
        ["DeepArithmetic.Semantics.Lists.System:importAllArts",
         "be6fd34760202200"],
        ["DeepArithmetic.Semantics.ManySorted transitive imports (legacy)",
         "00000000000006bb"],
        ["DeepArithmetic.Semantics.ManySorted:importAllArts",
         "5c355cb4fb8c96c6"]]]]],
    ["libs",
     [["import dynlibs", "00000000000006bb"],
      ["package external libraries", "00000000000006bb"],
      ["module dynlibs", "00000000000006bb"],
      ["module plugins", "00000000000006bb"]]]]],
  ["Lean 4.31.0, commit 68218e876d2a38b1985b8590fff244a83c321783",
   "fc45ac412f28501c"],
  ["E:\\Dropbox\\GitHub\\lean4\\Lean4_vs_PureLogic\\DeepArithmetic\\Semantics\\Lists\\Connection.lean",
   "114754927056dba4"],
  ["options", "00000000000006bb"],
  ["isModule: false", "feefd2a0d3a1847e"],
  ["Module.name: DeepArithmetic.Semantics.Lists.Connection",
   "203c8fa8a34ded0f"],
  ["Package.id?: (some DeepArithmetic)", "6a1d067f457cfca4"],
  ["Module.leanArgs: #[]", "00000000000006bb"]],
 "depHash": "03639c0ce37d5aa4"}