{"synthetic": false,
 "schemaVersion": "2025-09-10",
 "outputs":
 {"o": ["d02bcb88fde037a5.olean"],
  "m": false,
  "i": "bc0ef36eeaf32119.ilean",
  "c": "dd37f4431e3488aa.c"},
 "log":
 [{"message":
   ".> LEAN_PATH=E:\\Dropbox\\GitHub\\lean4\\FOL\\.lake\\build\\lib\\lean;E:\\Dropbox\\GitHub\\lean4\\Lean4_vs_PureLogic\\.lake\\build\\lib\\lean c:\\Users\\julia\\.elan\\toolchains\\leanprover--lean4---v4.31.0\\bin\\lean.exe E:\\Dropbox\\GitHub\\lean4\\Lean4_vs_PureLogic\\DeepArithmetic\\Semantics\\Lists\\System.lean -o E:\\Dropbox\\GitHub\\lean4\\Lean4_vs_PureLogic\\.lake\\build\\lib\\lean\\DeepArithmetic\\Semantics\\Lists\\System.olean -i E:\\Dropbox\\GitHub\\lean4\\Lean4_vs_PureLogic\\.lake\\build\\lib\\lean\\DeepArithmetic\\Semantics\\Lists\\System.ilean -c E:\\Dropbox\\GitHub\\lean4\\Lean4_vs_PureLogic\\.lake\\build\\ir\\DeepArithmetic\\Semantics\\Lists\\System.c --setup E:\\Dropbox\\GitHub\\lean4\\Lean4_vs_PureLogic\\.lake\\build\\ir\\DeepArithmetic\\Semantics\\Lists\\System.setup.json --json",
   "level": "trace"}],
 "inputs":
 [["DeepArithmetic.Semantics.Lists.System:deps",
   [["deps",
     [["DeepArithmetic/DeepArithmetic:extraDep",
       [["@DeepArithmetic:extraDep", "00000000000006bb"]]],
      ["imports",
       [["DeepArithmetic.Semantics.FreeInductiveAlgebra transitive imports (legacy)",
         "00000000000006bb"],
        ["DeepArithmetic.Semantics.FreeInductiveAlgebra:importAllArts",
         "e26dbd30db41c370"]]]]],
    ["libs",
     [["import dynlibs", "00000000000006bb"],
      ["package external libraries", "00000000000006bb"],
      ["module dynlibs", "00000000000006bb"],
      ["module plugins", "00000000000006bb"]]]]],
  ["Lean 4.31.0, commit 68218e876d2a38b1985b8590fff244a83c321783",
   "fc45ac412f28501c"],
  ["E:\\Dropbox\\GitHub\\lean4\\Lean4_vs_PureLogic\\DeepArithmetic\\Semantics\\Lists\\System.lean",
   "b28a363ac17fcda6"],
  ["options", "00000000000006bb"],
  ["isModule: false", "feefd2a0d3a1847e"],
  ["Module.name: DeepArithmetic.Semantics.Lists.System", "b45c334318eff882"],
  ["Package.id?: (some DeepArithmetic)", "6a1d067f457cfca4"],
  ["Module.leanArgs: #[]", "00000000000006bb"]],
 "depHash": "fb13ab613cd6ce70"}