{"synthetic": false,
 "schemaVersion": "2025-09-10",
 "outputs":
 {"o": ["eb80788e728f5096.olean"],
  "i": "0b92c0e11e961d8e.ilean",
  "c": "c85cdaff1e1d51a9.c"},
 "log":
 [{"message":
   ".> LEAN_PATH=E:\\Dropbox\\GitHub\\lean4\\FOL\\.lake\\build\\lib\\lean;E:\\Dropbox\\GitHub\\lean4\\Lean4_vs_PureLogic\\.lake\\build\\lib\\lean c:\\Users\\julia\\.elan\\toolchains\\leanprover--lean4---v4.29.0\\bin\\lean.exe E:\\Dropbox\\GitHub\\lean4\\Lean4_vs_PureLogic\\DeepArithmetic\\Semantics\\Trees\\Computability.lean -o E:\\Dropbox\\GitHub\\lean4\\Lean4_vs_PureLogic\\.lake\\build\\lib\\lean\\DeepArithmetic\\Semantics\\Trees\\Computability.olean -i E:\\Dropbox\\GitHub\\lean4\\Lean4_vs_PureLogic\\.lake\\build\\lib\\lean\\DeepArithmetic\\Semantics\\Trees\\Computability.ilean -c E:\\Dropbox\\GitHub\\lean4\\Lean4_vs_PureLogic\\.lake\\build\\ir\\DeepArithmetic\\Semantics\\Trees\\Computability.c --setup E:\\Dropbox\\GitHub\\lean4\\Lean4_vs_PureLogic\\.lake\\build\\ir\\DeepArithmetic\\Semantics\\Trees\\Computability.setup.json --json",
   "level": "trace"}],
 "inputs":
 [["DeepArithmetic.Semantics.Trees.Computability:deps",
   [["deps",
     [["DeepArithmetic/DeepArithmetic:extraDep",
       [["@DeepArithmetic:extraDep", "00000000000006bb"]]],
      ["imports",
       [["DeepArithmetic.Semantics.Trees.System transitive imports (legacy)",
         "e919dace2334eeb7"],
        ["DeepArithmetic.Semantics.Trees.System:importAllArts",
         "4a0dea90c7eeaaad"],
        ["DeepArithmetic.Semantics.Peano.System transitive imports (legacy)",
         "a1a14460885b2df6"],
        ["DeepArithmetic.Semantics.Peano.System:importAllArts",
         "56366b6cddc19f75"],
        ["DeepArithmetic.Semantics.Lists.System transitive imports (legacy)",
         "a1a14460885b2df6"],
        ["DeepArithmetic.Semantics.Lists.System:importAllArts",
         "d68cb1c5eab9bec5"],
        ["DeepArithmetic.Semantics.Lists.Computability transitive imports (legacy)",
         "970a2716022ebe8e"],
        ["DeepArithmetic.Semantics.Lists.Computability:importAllArts",
         "c022d0cd2f2574bd"]]]]],
    ["libs",
     [["import dynlibs", "00000000000006bb"],
      ["package external libraries", "00000000000006bb"],
      ["module dynlibs", "00000000000006bb"],
      ["module plugins", "00000000000006bb"]]]]],
  ["Lean 4.29.0, commit 98dc76e3c0a9b856c9b98726b713fb04fab16740",
   "60bb08ef22408c8a"],
  ["E:\\Dropbox\\GitHub\\lean4\\Lean4_vs_PureLogic\\DeepArithmetic\\Semantics\\Trees\\Computability.lean",
   "a36c1a62aab1506a"],
  ["options", "00000000000006bb"],
  ["isModule: false", "feefd2a0d3a1847e"],
  ["Module.name: DeepArithmetic.Semantics.Trees.Computability",
   "dc3ed058c9a61362"],
  ["Package.id?: (some DeepArithmetic)", "6a1d067f457cfca4"],
  ["Module.leanArgs: #[]", "00000000000006bb"]],
 "depHash": "87805e37034a4b64"}