{"synthetic": false,
 "schemaVersion": "2025-09-10",
 "outputs":
 {"o": ["9eb62db258a25a39.olean"],
  "i": "261800b365adaf23.ilean",
  "c": "41f8d56b46dd29b2.c"},
 "log":
 [{"message":
   ".> LEAN_PATH=E:\\Dropbox\\GitHub\\lean4\\FOL\\.lake\\build\\lib\\lean;E:\\Dropbox\\GitHub\\lean4\\Lean4_vs_PureLogic\\.lake\\build\\lib\\lean c:\\Users\\julia\\.elan\\toolchains\\leanprover--lean4---v4.29.0\\bin\\lean.exe E:\\Dropbox\\GitHub\\lean4\\Lean4_vs_PureLogic\\DeepArithmetic\\Semantics\\Trees\\Connection.lean -o E:\\Dropbox\\GitHub\\lean4\\Lean4_vs_PureLogic\\.lake\\build\\lib\\lean\\DeepArithmetic\\Semantics\\Trees\\Connection.olean -i E:\\Dropbox\\GitHub\\lean4\\Lean4_vs_PureLogic\\.lake\\build\\lib\\lean\\DeepArithmetic\\Semantics\\Trees\\Connection.ilean -c E:\\Dropbox\\GitHub\\lean4\\Lean4_vs_PureLogic\\.lake\\build\\ir\\DeepArithmetic\\Semantics\\Trees\\Connection.c --setup E:\\Dropbox\\GitHub\\lean4\\Lean4_vs_PureLogic\\.lake\\build\\ir\\DeepArithmetic\\Semantics\\Trees\\Connection.setup.json --json",
   "level": "trace"}],
 "inputs":
 [["DeepArithmetic.Semantics.Trees.Connection:deps",
   [["deps",
     [["DeepArithmetic/DeepArithmetic:extraDep",
       [["@DeepArithmetic:extraDep", "00000000000006bb"]]],
      ["imports",
       [["FOL.FOL transitive imports (legacy)", "00000000000006bb"],
        ["FOL.FOL:importAllArts", "bc12a894fd8f97f3"],
        ["DeepArithmetic.Syntax.Trees transitive imports (legacy)",
         "546e5dcd131ee7c0"],
        ["DeepArithmetic.Syntax.Trees:importAllArts", "e370d5d186171d62"],
        ["DeepArithmetic.Semantics.Trees.System transitive imports (legacy)",
         "e919dace2334eeb7"],
        ["DeepArithmetic.Semantics.Trees.System:importAllArts",
         "4a0dea90c7eeaaad"],
        ["DeepArithmetic.Semantics.ManySorted transitive imports (legacy)",
         "00000000000006bb"],
        ["DeepArithmetic.Semantics.ManySorted:importAllArts",
         "72cf385a4cbfaaa9"]]]]],
    ["libs",
     [["import dynlibs", "00000000000006bb"],
      ["package external libraries", "00000000000006bb"],
      ["module dynlibs", "00000000000006bb"],
      ["module plugins", "00000000000006bb"]]]]],
  ["Lean 4.29.0, commit 98dc76e3c0a9b856c9b98726b713fb04fab16740",
   "60bb08ef22408c8a"],
  ["E:\\Dropbox\\GitHub\\lean4\\Lean4_vs_PureLogic\\DeepArithmetic\\Semantics\\Trees\\Connection.lean",
   "9d55f7ebbeff6242"],
  ["options", "00000000000006bb"],
  ["isModule: false", "feefd2a0d3a1847e"],
  ["Module.name: DeepArithmetic.Semantics.Trees.Connection",
   "65293d8057df4d78"],
  ["Package.id?: (some DeepArithmetic)", "6a1d067f457cfca4"],
  ["Module.leanArgs: #[]", "00000000000006bb"]],
 "depHash": "8904833da56f0d87"}